<?xml version="1.0" encoding="UTF-8"?>
<checkstyle version="6.18">
<file name="D:\An4\SEM1\DS\DS2022_30441_Mihut_Alina_Assignment_3\spring-demo\src\main\java\ro\tuc\ds2022\controllers\DeviceController.java">
<error line="24" column="12" severity="warning" message="Variable &apos;logger&apos; must be private and have accessor methods." source="com.puppycrawl.tools.checkstyle.checks.design.VisibilityModifierCheck"/>
<error line="27" column="29" severity="warning" message="Parameter deviceService should be final." source="com.puppycrawl.tools.checkstyle.checks.FinalParametersCheck"/>
<error line="27" column="43" severity="warning" message="&apos;deviceService&apos; hides a field." source="com.puppycrawl.tools.checkstyle.checks.coding.HiddenFieldCheck"/>
<error line="31" column="5" severity="warning" message="Method &apos;create&apos; is not designed for extension - needs to be abstract, final or empty." source="com.puppycrawl.tools.checkstyle.checks.design.DesignForExtensionCheck"/>
<error line="32" column="34" severity="warning" message="Parameter resource should be final." source="com.puppycrawl.tools.checkstyle.checks.FinalParametersCheck"/>
<error line="40" column="5" severity="warning" message="Method &apos;update&apos; is not designed for extension - needs to be abstract, final or empty." source="com.puppycrawl.tools.checkstyle.checks.design.DesignForExtensionCheck"/>
<error line="41" column="34" severity="warning" message="Parameter resource should be final." source="com.puppycrawl.tools.checkstyle.checks.FinalParametersCheck"/>
<error line="41" column="67" severity="warning" message="Parameter idDevice should be final." source="com.puppycrawl.tools.checkstyle.checks.FinalParametersCheck"/>
<error line="51" column="5" severity="warning" message="Method &apos;findAll&apos; is not designed for extension - needs to be abstract, final or empty." source="com.puppycrawl.tools.checkstyle.checks.design.DesignForExtensionCheck"/>
<error line="57" column="5" severity="warning" message="Method &apos;getDevice&apos; is not designed for extension - needs to be abstract, final or empty." source="com.puppycrawl.tools.checkstyle.checks.design.DesignForExtensionCheck"/>
<error line="58" column="48" severity="warning" message="Parameter name should be final." source="com.puppycrawl.tools.checkstyle.checks.FinalParametersCheck"/>
<error line="64" column="5" severity="warning" message="Method &apos;getDeviceForClient&apos; is not designed for extension - needs to be abstract, final or empty." source="com.puppycrawl.tools.checkstyle.checks.design.DesignForExtensionCheck"/>
<error line="65" column="47" severity="warning" message="Parameter username should be final." source="com.puppycrawl.tools.checkstyle.checks.FinalParametersCheck"/>
<error line="77" column="5" severity="warning" message="Method &apos;delete&apos; is not designed for extension - needs to be abstract, final or empty." source="com.puppycrawl.tools.checkstyle.checks.design.DesignForExtensionCheck"/>
<error line="79" column="35" severity="warning" message="Parameter name should be final." source="com.puppycrawl.tools.checkstyle.checks.FinalParametersCheck"/>
<error line="85" column="5" severity="warning" message="Method &apos;createMappping&apos; is not designed for extension - needs to be abstract, final or empty." source="com.puppycrawl.tools.checkstyle.checks.design.DesignForExtensionCheck"/>
<error line="86" column="42" severity="warning" message="Parameter resource should be final." source="com.puppycrawl.tools.checkstyle.checks.FinalParametersCheck"/>
</file>
<file name="D:\An4\SEM1\DS\DS2022_30441_Mihut_Alina_Assignment_3\spring-demo\src\main\java\ro\tuc\ds2022\controllers\EnergyConsumptionController.java">
<error line="6" column="8" severity="warning" message="Unused import - ro.tuc.ds2022.dtos.DeviceDTO." source="com.puppycrawl.tools.checkstyle.checks.imports.UnusedImportsCheck"/>
<error line="8" column="8" severity="warning" message="Unused import - ro.tuc.ds2022.dtos.builders.DeviceBuilder." source="com.puppycrawl.tools.checkstyle.checks.imports.UnusedImportsCheck"/>
<error line="9" column="8" severity="warning" message="Unused import - ro.tuc.ds2022.entities.Device." source="com.puppycrawl.tools.checkstyle.checks.imports.UnusedImportsCheck"/>
<error line="24" column="40" severity="warning" message="Parameter energyConsumptionService should be final." source="com.puppycrawl.tools.checkstyle.checks.FinalParametersCheck"/>
<error line="24" column="65" severity="warning" message="&apos;energyConsumptionService&apos; hides a field." source="com.puppycrawl.tools.checkstyle.checks.coding.HiddenFieldCheck"/>
<error line="29" column="5" severity="warning" message="Method &apos;getDeviceForClient&apos; is not designed for extension - needs to be abstract, final or empty." source="com.puppycrawl.tools.checkstyle.checks.design.DesignForExtensionCheck"/>
<error line="30" column="58" severity="warning" message="Parameter name should be final." source="com.puppycrawl.tools.checkstyle.checks.FinalParametersCheck"/>
</file>
<file name="D:\An4\SEM1\DS\DS2022_30441_Mihut_Alina_Assignment_3\spring-demo\src\main\java\ro\tuc\ds2022\controllers\handlers\exceptions\model\CustomException.java">
<error line="12" column="28" severity="warning" message="Parameter message should be final." source="com.puppycrawl.tools.checkstyle.checks.FinalParametersCheck"/>
<error line="12" column="44" severity="warning" message="Parameter status should be final." source="com.puppycrawl.tools.checkstyle.checks.FinalParametersCheck"/>
<error line="12" column="55" severity="warning" message="&apos;status&apos; hides a field." source="com.puppycrawl.tools.checkstyle.checks.coding.HiddenFieldCheck"/>
<error line="12" column="64" severity="warning" message="Parameter resource should be final." source="com.puppycrawl.tools.checkstyle.checks.FinalParametersCheck"/>
<error line="12" column="71" severity="warning" message="&apos;resource&apos; hides a field." source="com.puppycrawl.tools.checkstyle.checks.coding.HiddenFieldCheck"/>
<error line="12" column="81" severity="warning" message="Parameter errors should be final." source="com.puppycrawl.tools.checkstyle.checks.FinalParametersCheck"/>
<error line="19" column="5" severity="warning" message="Method &apos;getResource&apos; is not designed for extension - needs to be abstract, final or empty." source="com.puppycrawl.tools.checkstyle.checks.design.DesignForExtensionCheck"/>
<error line="23" column="5" severity="warning" message="Method &apos;getStatus&apos; is not designed for extension - needs to be abstract, final or empty." source="com.puppycrawl.tools.checkstyle.checks.design.DesignForExtensionCheck"/>
<error line="27" column="5" severity="warning" message="Method &apos;getValidationErrors&apos; is not designed for extension - needs to be abstract, final or empty." source="com.puppycrawl.tools.checkstyle.checks.design.DesignForExtensionCheck"/>
</file>
<file name="D:\An4\SEM1\DS\DS2022_30441_Mihut_Alina_Assignment_3\spring-demo\src\main\java\ro\tuc\ds2022\controllers\handlers\exceptions\model\DuplicateResourceException.java">
<error line="9" column="37" severity="warning" message="Name &apos;httpStatus&apos; must match pattern &apos;^[A-Z][A-Z0-9]*(_[A-Z0-9]+)*$&apos;." source="com.puppycrawl.tools.checkstyle.checks.naming.ConstantNameCheck"/>
<error line="11" column="39" severity="warning" message="Parameter resource should be final." source="com.puppycrawl.tools.checkstyle.checks.FinalParametersCheck"/>
</file>
<file name="D:\An4\SEM1\DS\DS2022_30441_Mihut_Alina_Assignment_3\spring-demo\src\main\java\ro\tuc\ds2022\controllers\handlers\exceptions\model\EntityValidationException.java">
<error line="9" column="37" severity="warning" message="Name &apos;httpStatus&apos; must match pattern &apos;^[A-Z][A-Z0-9]*(_[A-Z0-9]+)*$&apos;." source="com.puppycrawl.tools.checkstyle.checks.naming.ConstantNameCheck"/>
<error line="11" column="38" severity="warning" message="Parameter resource should be final." source="com.puppycrawl.tools.checkstyle.checks.FinalParametersCheck"/>
<error line="11" column="55" severity="warning" message="Parameter errors should be final." source="com.puppycrawl.tools.checkstyle.checks.FinalParametersCheck"/>
</file>
<file name="D:\An4\SEM1\DS\DS2022_30441_Mihut_Alina_Assignment_3\spring-demo\src\main\java\ro\tuc\ds2022\controllers\handlers\exceptions\model\ExceptionHandlerResponseDTO.java">
<error line="16" column="40" severity="warning" message="Parameter resource should be final." source="com.puppycrawl.tools.checkstyle.checks.FinalParametersCheck"/>
<error line="16" column="47" severity="warning" message="&apos;resource&apos; hides a field." source="com.puppycrawl.tools.checkstyle.checks.coding.HiddenFieldCheck"/>
<error line="16" column="57" severity="warning" message="Parameter error should be final." source="com.puppycrawl.tools.checkstyle.checks.FinalParametersCheck"/>
<error line="16" column="64" severity="warning" message="&apos;error&apos; hides a field." source="com.puppycrawl.tools.checkstyle.checks.coding.HiddenFieldCheck"/>
<error line="16" column="71" severity="warning" message="Parameter status should be final." source="com.puppycrawl.tools.checkstyle.checks.FinalParametersCheck"/>
<error line="16" column="75" severity="warning" message="&apos;status&apos; hides a field." source="com.puppycrawl.tools.checkstyle.checks.coding.HiddenFieldCheck"/>
<error line="16" column="83" severity="warning" message="Parameter message should be final." source="com.puppycrawl.tools.checkstyle.checks.FinalParametersCheck"/>
<error line="16" column="90" severity="warning" message="&apos;message&apos; hides a field." source="com.puppycrawl.tools.checkstyle.checks.coding.HiddenFieldCheck"/>
<error line="16" column="99" severity="warning" message="Parameter details should be final." source="com.puppycrawl.tools.checkstyle.checks.FinalParametersCheck"/>
<error line="16" column="113" severity="warning" message="&apos;details&apos; hides a field." source="com.puppycrawl.tools.checkstyle.checks.coding.HiddenFieldCheck"/>
<error line="16" column="122" severity="warning" message="Parameter path should be final." source="com.puppycrawl.tools.checkstyle.checks.FinalParametersCheck"/>
<error line="16" column="129" severity="warning" message="&apos;path&apos; hides a field." source="com.puppycrawl.tools.checkstyle.checks.coding.HiddenFieldCheck"/>
<error line="26" column="5" severity="warning" message="Method &apos;getTimestamp&apos; is not designed for extension - needs to be abstract, final or empty." source="com.puppycrawl.tools.checkstyle.checks.design.DesignForExtensionCheck"/>
<error line="30" column="5" severity="warning" message="Method &apos;setTimestamp&apos; is not designed for extension - needs to be abstract, final or empty." source="com.puppycrawl.tools.checkstyle.checks.design.DesignForExtensionCheck"/>
<error line="30" column="30" severity="warning" message="Parameter timestamp should be final." source="com.puppycrawl.tools.checkstyle.checks.FinalParametersCheck"/>
<error line="30" column="35" severity="warning" message="&apos;timestamp&apos; hides a field." source="com.puppycrawl.tools.checkstyle.checks.coding.HiddenFieldCheck"/>
<error line="34" column="5" severity="warning" message="Method &apos;getStatus&apos; is not designed for extension - needs to be abstract, final or empty." source="com.puppycrawl.tools.checkstyle.checks.design.DesignForExtensionCheck"/>
<error line="38" column="5" severity="warning" message="Method &apos;setStatus&apos; is not designed for extension - needs to be abstract, final or empty." source="com.puppycrawl.tools.checkstyle.checks.design.DesignForExtensionCheck"/>
<error line="38" column="27" severity="warning" message="Parameter status should be final." source="com.puppycrawl.tools.checkstyle.checks.FinalParametersCheck"/>
<error line="38" column="31" severity="warning" message="&apos;status&apos; hides a field." source="com.puppycrawl.tools.checkstyle.checks.coding.HiddenFieldCheck"/>
<error line="42" column="5" severity="warning" message="Method &apos;getResource&apos; is not designed for extension - needs to be abstract, final or empty." source="com.puppycrawl.tools.checkstyle.checks.design.DesignForExtensionCheck"/>
<error line="46" column="5" severity="warning" message="Method &apos;setResource&apos; is not designed for extension - needs to be abstract, final or empty." source="com.puppycrawl.tools.checkstyle.checks.design.DesignForExtensionCheck"/>
<error line="46" column="29" severity="warning" message="Parameter error should be final." source="com.puppycrawl.tools.checkstyle.checks.FinalParametersCheck"/>
<error line="46" column="36" severity="warning" message="&apos;error&apos; hides a field." source="com.puppycrawl.tools.checkstyle.checks.coding.HiddenFieldCheck"/>
<error line="50" column="5" severity="warning" message="Method &apos;getMessage&apos; is not designed for extension - needs to be abstract, final or empty." source="com.puppycrawl.tools.checkstyle.checks.design.DesignForExtensionCheck"/>
<error line="54" column="5" severity="warning" message="Method &apos;setMessage&apos; is not designed for extension - needs to be abstract, final or empty." source="com.puppycrawl.tools.checkstyle.checks.design.DesignForExtensionCheck"/>
<error line="54" column="28" severity="warning" message="Parameter message should be final." source="com.puppycrawl.tools.checkstyle.checks.FinalParametersCheck"/>
<error line="54" column="35" severity="warning" message="&apos;message&apos; hides a field." source="com.puppycrawl.tools.checkstyle.checks.coding.HiddenFieldCheck"/>
<error line="58" column="5" severity="warning" message="Method &apos;getPath&apos; is not designed for extension - needs to be abstract, final or empty." source="com.puppycrawl.tools.checkstyle.checks.design.DesignForExtensionCheck"/>
<error line="62" column="5" severity="warning" message="Method &apos;setPath&apos; is not designed for extension - needs to be abstract, final or empty." source="com.puppycrawl.tools.checkstyle.checks.design.DesignForExtensionCheck"/>
<error line="62" column="25" severity="warning" message="Parameter path should be final." source="com.puppycrawl.tools.checkstyle.checks.FinalParametersCheck"/>
<error line="62" column="32" severity="warning" message="&apos;path&apos; hides a field." source="com.puppycrawl.tools.checkstyle.checks.coding.HiddenFieldCheck"/>
<error line="66" column="5" severity="warning" message="Method &apos;getDetails&apos; is not designed for extension - needs to be abstract, final or empty." source="com.puppycrawl.tools.checkstyle.checks.design.DesignForExtensionCheck"/>
<error line="70" column="5" severity="warning" message="Method &apos;setDetails&apos; is not designed for extension - needs to be abstract, final or empty." source="com.puppycrawl.tools.checkstyle.checks.design.DesignForExtensionCheck"/>
<error line="70" column="28" severity="warning" message="Parameter details should be final." source="com.puppycrawl.tools.checkstyle.checks.FinalParametersCheck"/>
<error line="70" column="42" severity="warning" message="&apos;details&apos; hides a field." source="com.puppycrawl.tools.checkstyle.checks.coding.HiddenFieldCheck"/>
<error line="74" column="5" severity="warning" message="Method &apos;getError&apos; is not designed for extension - needs to be abstract, final or empty." source="com.puppycrawl.tools.checkstyle.checks.design.DesignForExtensionCheck"/>
<error line="78" column="5" severity="warning" message="Method &apos;setError&apos; is not designed for extension - needs to be abstract, final or empty." source="com.puppycrawl.tools.checkstyle.checks.design.DesignForExtensionCheck"/>
<error line="78" column="26" severity="warning" message="Parameter error should be final." source="com.puppycrawl.tools.checkstyle.checks.FinalParametersCheck"/>
<error line="78" column="33" severity="warning" message="&apos;error&apos; hides a field." source="com.puppycrawl.tools.checkstyle.checks.coding.HiddenFieldCheck"/>
</file>
<file name="D:\An4\SEM1\DS\DS2022_30441_Mihut_Alina_Assignment_3\spring-demo\src\main\java\ro\tuc\ds2022\controllers\handlers\exceptions\model\ParameterValidationException.java">
<error line="9" column="37" severity="warning" message="Name &apos;httpStatus&apos; must match pattern &apos;^[A-Z][A-Z0-9]*(_[A-Z0-9]+)*$&apos;." source="com.puppycrawl.tools.checkstyle.checks.naming.ConstantNameCheck"/>
<error line="11" column="41" severity="warning" message="Parameter resource should be final." source="com.puppycrawl.tools.checkstyle.checks.FinalParametersCheck"/>
<error line="11" column="58" severity="warning" message="Parameter errors should be final." source="com.puppycrawl.tools.checkstyle.checks.FinalParametersCheck"/>
</file>
<file name="D:\An4\SEM1\DS\DS2022_30441_Mihut_Alina_Assignment_3\spring-demo\src\main\java\ro\tuc\ds2022\controllers\handlers\exceptions\model\ResourceNotFoundException.java">
<error line="9" column="37" severity="warning" message="Name &apos;httpStatus&apos; must match pattern &apos;^[A-Z][A-Z0-9]*(_[A-Z0-9]+)*$&apos;." source="com.puppycrawl.tools.checkstyle.checks.naming.ConstantNameCheck"/>
<error line="11" column="38" severity="warning" message="Parameter resource should be final." source="com.puppycrawl.tools.checkstyle.checks.FinalParametersCheck"/>
</file>
<file name="D:\An4\SEM1\DS\DS2022_30441_Mihut_Alina_Assignment_3\spring-demo\src\main\java\ro\tuc\ds2022\controllers\handlers\RestExceptionHandler.java">
<error line="23" column="5" severity="warning" message="Method &apos;handleConstraintViolationException&apos; is not designed for extension - needs to be abstract, final or empty." source="com.puppycrawl.tools.checkstyle.checks.design.DesignForExtensionCheck"/>
<error line="24" column="70" severity="warning" message="Parameter e should be final." source="com.puppycrawl.tools.checkstyle.checks.FinalParametersCheck"/>
<error line="24" column="102" severity="warning" message="Parameter request should be final." source="com.puppycrawl.tools.checkstyle.checks.FinalParametersCheck"/>
<error line="42" column="5" severity="warning" message="Method &apos;handleMethodArgumentNotValid&apos; is not designed for extension - needs to be abstract, final or empty." source="com.puppycrawl.tools.checkstyle.checks.design.DesignForExtensionCheck"/>
<error line="43" column="67" severity="warning" message="Parameter ex should be final." source="com.puppycrawl.tools.checkstyle.checks.FinalParametersCheck"/>
<error line="43" column="103" severity="warning" message="Parameter headers should be final." source="com.puppycrawl.tools.checkstyle.checks.FinalParametersCheck"/>
<error line="43" column="124" severity="warning" message="Parameter status should be final." source="com.puppycrawl.tools.checkstyle.checks.FinalParametersCheck"/>
<error line="43" column="143" severity="warning" message="Parameter request should be final." source="com.puppycrawl.tools.checkstyle.checks.FinalParametersCheck"/>
<error line="66" column="5" severity="warning" message="Method &apos;handleCustomExceptions&apos; is not designed for extension - needs to be abstract, final or empty." source="com.puppycrawl.tools.checkstyle.checks.design.DesignForExtensionCheck"/>
<error line="67" column="61" severity="warning" message="Parameter ex should be final." source="com.puppycrawl.tools.checkstyle.checks.FinalParametersCheck"/>
<error line="68" column="61" severity="warning" message="Parameter request should be final." source="com.puppycrawl.tools.checkstyle.checks.FinalParametersCheck"/>
</file>
<file name="D:\An4\SEM1\DS\DS2022_30441_Mihut_Alina_Assignment_3\spring-demo\src\main\java\ro\tuc\ds2022\controllers\IndexController.java">
<error line="12" column="5" severity="warning" message="Method &apos;getStatus&apos; is not designed for extension - needs to be abstract, final or empty." source="com.puppycrawl.tools.checkstyle.checks.design.DesignForExtensionCheck"/>
</file>
<file name="D:\An4\SEM1\DS\DS2022_30441_Mihut_Alina_Assignment_3\spring-demo\src\main\java\ro\tuc\ds2022\controllers\MessageListenerController.java">
<error line="23" column="38" severity="warning" message="Parameter customMessageListener should be final." source="com.puppycrawl.tools.checkstyle.checks.FinalParametersCheck"/>
<error line="23" column="60" severity="warning" message="&apos;customMessageListener&apos; hides a field." source="com.puppycrawl.tools.checkstyle.checks.coding.HiddenFieldCheck"/>
<error line="27" column="5" severity="warning" message="Method &apos;startListening&apos; is not designed for extension - needs to be abstract, final or empty." source="com.puppycrawl.tools.checkstyle.checks.design.DesignForExtensionCheck"/>
</file>
<file name="D:\An4\SEM1\DS\DS2022_30441_Mihut_Alina_Assignment_3\spring-demo\src\main\java\ro\tuc\ds2022\controllers\UserController.java">
<error line="24" column="12" severity="warning" message="Variable &apos;logger&apos; must be private and have accessor methods." source="com.puppycrawl.tools.checkstyle.checks.design.VisibilityModifierCheck"/>
<error line="27" column="27" severity="warning" message="Parameter userService should be final." source="com.puppycrawl.tools.checkstyle.checks.FinalParametersCheck"/>
<error line="27" column="39" severity="warning" message="&apos;userService&apos; hides a field." source="com.puppycrawl.tools.checkstyle.checks.coding.HiddenFieldCheck"/>
<error line="31" column="5" severity="warning" message="Method &apos;create&apos; is not designed for extension - needs to be abstract, final or empty." source="com.puppycrawl.tools.checkstyle.checks.design.DesignForExtensionCheck"/>
<error line="32" column="34" severity="warning" message="Parameter resource should be final." source="com.puppycrawl.tools.checkstyle.checks.FinalParametersCheck"/>
<error line="41" column="5" severity="warning" message="Method &apos;update&apos; is not designed for extension - needs to be abstract, final or empty." source="com.puppycrawl.tools.checkstyle.checks.design.DesignForExtensionCheck"/>
<error line="42" column="34" severity="warning" message="Parameter resource should be final." source="com.puppycrawl.tools.checkstyle.checks.FinalParametersCheck"/>
<error line="42" column="65" severity="warning" message="Parameter idUser should be final." source="com.puppycrawl.tools.checkstyle.checks.FinalParametersCheck"/>
<error line="51" column="5" severity="warning" message="Method &apos;findAll&apos; is not designed for extension - needs to be abstract, final or empty." source="com.puppycrawl.tools.checkstyle.checks.design.DesignForExtensionCheck"/>
<error line="57" column="5" severity="warning" message="Method &apos;loginCustomer&apos; is not designed for extension - needs to be abstract, final or empty." source="com.puppycrawl.tools.checkstyle.checks.design.DesignForExtensionCheck"/>
<error line="58" column="41" severity="warning" message="Parameter resource should be final." source="com.puppycrawl.tools.checkstyle.checks.FinalParametersCheck"/>
<error line="76" column="5" severity="warning" message="Method &apos;getUser&apos; is not designed for extension - needs to be abstract, final or empty." source="com.puppycrawl.tools.checkstyle.checks.design.DesignForExtensionCheck"/>
<error line="77" column="44" severity="warning" message="Parameter username should be final." source="com.puppycrawl.tools.checkstyle.checks.FinalParametersCheck"/>
<error line="83" column="5" severity="warning" message="Method &apos;delete&apos; is not designed for extension - needs to be abstract, final or empty." source="com.puppycrawl.tools.checkstyle.checks.design.DesignForExtensionCheck"/>
<error line="85" column="35" severity="warning" message="Parameter name should be final." source="com.puppycrawl.tools.checkstyle.checks.FinalParametersCheck"/>
</file>
<file name="D:\An4\SEM1\DS\DS2022_30441_Mihut_Alina_Assignment_3\spring-demo\src\main\java\ro\tuc\ds2022\controllers\WebSocketController.java">
<error line="14" column="5" severity="warning" message="Method &apos;broadcastNews&apos; is not designed for extension - needs to be abstract, final or empty." source="com.puppycrawl.tools.checkstyle.checks.design.DesignForExtensionCheck"/>
<error line="16" column="33" severity="warning" message="Parameter message should be final." source="com.puppycrawl.tools.checkstyle.checks.FinalParametersCheck"/>
</file>
<file name="D:\An4\SEM1\DS\DS2022_30441_Mihut_Alina_Assignment_3\spring-demo\src\main\java\ro\tuc\ds2022\Ds2020Application.java">
<error line="5" column="8" severity="warning" message="Unused import - org.springframework.amqp.rabbit.connection.CachingConnectionFactory." source="com.puppycrawl.tools.checkstyle.checks.imports.UnusedImportsCheck"/>
<error line="28" column="5" severity="warning" message="Method &apos;configure&apos; is not designed for extension - needs to be abstract, final or empty." source="com.puppycrawl.tools.checkstyle.checks.design.DesignForExtensionCheck"/>
<error line="29" column="50" severity="warning" message="Parameter application should be final." source="com.puppycrawl.tools.checkstyle.checks.FinalParametersCheck"/>
<error line="33" column="29" severity="warning" message="Parameter args should be final." source="com.puppycrawl.tools.checkstyle.checks.FinalParametersCheck"/>
<error line="38" column="5" severity="warning" message="Method &apos;appExchange&apos; is not designed for extension - needs to be abstract, final or empty." source="com.puppycrawl.tools.checkstyle.checks.design.DesignForExtensionCheck"/>
<error line="43" column="5" severity="warning" message="Method &apos;appQueueGeneric&apos; is not designed for extension - needs to be abstract, final or empty." source="com.puppycrawl.tools.checkstyle.checks.design.DesignForExtensionCheck"/>
<error line="48" column="5" severity="warning" message="Method &apos;declareBindingGeneric&apos; is not designed for extension - needs to be abstract, final or empty." source="com.puppycrawl.tools.checkstyle.checks.design.DesignForExtensionCheck"/>
<error line="53" column="5" severity="warning" message="Method &apos;converter&apos; is not designed for extension - needs to be abstract, final or empty." source="com.puppycrawl.tools.checkstyle.checks.design.DesignForExtensionCheck"/>
<error line="59" column="5" severity="warning" message="Method &apos;rabbitTemplate&apos; is not designed for extension - needs to be abstract, final or empty." source="com.puppycrawl.tools.checkstyle.checks.design.DesignForExtensionCheck"/>
</file>
<file name="D:\An4\SEM1\DS\DS2022_30441_Mihut_Alina_Assignment_3\spring-demo\src\main\java\ro\tuc\ds2022\dtos\builders\DeviceBuilder.java">
<error line="6" column="1" severity="warning" message="Utility classes should not have a public or default constructor." source="com.puppycrawl.tools.checkstyle.checks.design.HideUtilityClassConstructorCheck"/>
<error line="10" column="41" severity="warning" message="Parameter device should be final." source="com.puppycrawl.tools.checkstyle.checks.FinalParametersCheck"/>
<error line="15" column="35" severity="warning" message="Parameter dto should be final." source="com.puppycrawl.tools.checkstyle.checks.FinalParametersCheck"/>
</file>
<file name="D:\An4\SEM1\DS\DS2022_30441_Mihut_Alina_Assignment_3\spring-demo\src\main\java\ro\tuc\ds2022\dtos\builders\UserBuilder.java">
<error line="7" column="1" severity="warning" message="Utility classes should not have a public or default constructor." source="com.puppycrawl.tools.checkstyle.checks.design.HideUtilityClassConstructorCheck"/>
<error line="12" column="37" severity="warning" message="Parameter user should be final." source="com.puppycrawl.tools.checkstyle.checks.FinalParametersCheck"/>
<error line="16" column="33" severity="warning" message="Parameter userDTO should be final." source="com.puppycrawl.tools.checkstyle.checks.FinalParametersCheck"/>
</file>
<file name="D:\An4\SEM1\DS\DS2022_30441_Mihut_Alina_Assignment_3\spring-demo\src\main\java\ro\tuc\ds2022\dtos\DeviceDTO.java">
</file>
<file name="D:\An4\SEM1\DS\DS2022_30441_Mihut_Alina_Assignment_3\spring-demo\src\main\java\ro\tuc\ds2022\dtos\DeviceMappingDTO.java">
<error line="13" column="12" severity="warning" message="Variable &apos;deviceName&apos; must be private and have accessor methods." source="com.puppycrawl.tools.checkstyle.checks.design.VisibilityModifierCheck"/>
<error line="14" column="12" severity="warning" message="Variable &apos;username&apos; must be private and have accessor methods." source="com.puppycrawl.tools.checkstyle.checks.design.VisibilityModifierCheck"/>
</file>
<file name="D:\An4\SEM1\DS\DS2022_30441_Mihut_Alina_Assignment_3\spring-demo\src\main\java\ro\tuc\ds2022\dtos\EnergyConsumptionDTO.java">
</file>
<file name="D:\An4\SEM1\DS\DS2022_30441_Mihut_Alina_Assignment_3\spring-demo\src\main\java\ro\tuc\ds2022\dtos\PersonDetailsDTO.java">
<error line="18" column="23" severity="warning" message="&apos;18&apos; is a magic number." source="com.puppycrawl.tools.checkstyle.checks.coding.MagicNumberCheck"/>
<error line="24" column="30" severity="warning" message="Parameter name should be final." source="com.puppycrawl.tools.checkstyle.checks.FinalParametersCheck"/>
<error line="24" column="37" severity="warning" message="&apos;name&apos; hides a field." source="com.puppycrawl.tools.checkstyle.checks.coding.HiddenFieldCheck"/>
<error line="24" column="43" severity="warning" message="Parameter address should be final." source="com.puppycrawl.tools.checkstyle.checks.FinalParametersCheck"/>
<error line="24" column="50" severity="warning" message="&apos;address&apos; hides a field." source="com.puppycrawl.tools.checkstyle.checks.coding.HiddenFieldCheck"/>
<error line="24" column="59" severity="warning" message="Parameter age should be final." source="com.puppycrawl.tools.checkstyle.checks.FinalParametersCheck"/>
<error line="24" column="63" severity="warning" message="&apos;age&apos; hides a field." source="com.puppycrawl.tools.checkstyle.checks.coding.HiddenFieldCheck"/>
<error line="30" column="29" severity="warning" message="Parameter id should be final." source="com.puppycrawl.tools.checkstyle.checks.FinalParametersCheck"/>
<error line="30" column="34" severity="warning" message="&apos;id&apos; hides a field." source="com.puppycrawl.tools.checkstyle.checks.coding.HiddenFieldCheck"/>
<error line="30" column="38" severity="warning" message="Parameter name should be final." source="com.puppycrawl.tools.checkstyle.checks.FinalParametersCheck"/>
<error line="30" column="45" severity="warning" message="&apos;name&apos; hides a field." source="com.puppycrawl.tools.checkstyle.checks.coding.HiddenFieldCheck"/>
<error line="30" column="51" severity="warning" message="Parameter address should be final." source="com.puppycrawl.tools.checkstyle.checks.FinalParametersCheck"/>
<error line="30" column="58" severity="warning" message="&apos;address&apos; hides a field." source="com.puppycrawl.tools.checkstyle.checks.coding.HiddenFieldCheck"/>
<error line="30" column="67" severity="warning" message="Parameter age should be final." source="com.puppycrawl.tools.checkstyle.checks.FinalParametersCheck"/>
<error line="30" column="71" severity="warning" message="&apos;age&apos; hides a field." source="com.puppycrawl.tools.checkstyle.checks.coding.HiddenFieldCheck"/>
<error line="37" column="5" severity="warning" message="Method &apos;equals&apos; is not designed for extension - needs to be abstract, final or empty." source="com.puppycrawl.tools.checkstyle.checks.design.DesignForExtensionCheck"/>
<error line="38" column="27" severity="warning" message="Parameter o should be final." source="com.puppycrawl.tools.checkstyle.checks.FinalParametersCheck"/>
<error line="39" severity="warning" message="&apos;if&apos; construct must use &apos;{}&apos;s." source="com.puppycrawl.tools.checkstyle.checks.blocks.NeedBracesCheck"/>
<error line="40" severity="warning" message="&apos;if&apos; construct must use &apos;{}&apos;s." source="com.puppycrawl.tools.checkstyle.checks.blocks.NeedBracesCheck"/>
<error line="47" column="5" severity="warning" message="Method &apos;hashCode&apos; is not designed for extension - needs to be abstract, final or empty." source="com.puppycrawl.tools.checkstyle.checks.design.DesignForExtensionCheck"/>
</file>
<file name="D:\An4\SEM1\DS\DS2022_30441_Mihut_Alina_Assignment_3\spring-demo\src\main\java\ro\tuc\ds2022\dtos\PersonDTO.java">
<error line="16" column="22" severity="warning" message="Parameter id should be final." source="com.puppycrawl.tools.checkstyle.checks.FinalParametersCheck"/>
<error line="16" column="27" severity="warning" message="&apos;id&apos; hides a field." source="com.puppycrawl.tools.checkstyle.checks.coding.HiddenFieldCheck"/>
<error line="16" column="31" severity="warning" message="Parameter name should be final." source="com.puppycrawl.tools.checkstyle.checks.FinalParametersCheck"/>
<error line="16" column="38" severity="warning" message="&apos;name&apos; hides a field." source="com.puppycrawl.tools.checkstyle.checks.coding.HiddenFieldCheck"/>
<error line="16" column="44" severity="warning" message="Parameter age should be final." source="com.puppycrawl.tools.checkstyle.checks.FinalParametersCheck"/>
<error line="16" column="48" severity="warning" message="&apos;age&apos; hides a field." source="com.puppycrawl.tools.checkstyle.checks.coding.HiddenFieldCheck"/>
<error line="22" column="5" severity="warning" message="Method &apos;getId&apos; is not designed for extension - needs to be abstract, final or empty." source="com.puppycrawl.tools.checkstyle.checks.design.DesignForExtensionCheck"/>
<error line="26" column="5" severity="warning" message="Method &apos;setId&apos; is not designed for extension - needs to be abstract, final or empty." source="com.puppycrawl.tools.checkstyle.checks.design.DesignForExtensionCheck"/>
<error line="26" column="23" severity="warning" message="Parameter id should be final." source="com.puppycrawl.tools.checkstyle.checks.FinalParametersCheck"/>
<error line="26" column="28" severity="warning" message="&apos;id&apos; hides a field." source="com.puppycrawl.tools.checkstyle.checks.coding.HiddenFieldCheck"/>
<error line="30" column="5" severity="warning" message="Method &apos;getName&apos; is not designed for extension - needs to be abstract, final or empty." source="com.puppycrawl.tools.checkstyle.checks.design.DesignForExtensionCheck"/>
<error line="34" column="5" severity="warning" message="Method &apos;setName&apos; is not designed for extension - needs to be abstract, final or empty." source="com.puppycrawl.tools.checkstyle.checks.design.DesignForExtensionCheck"/>
<error line="34" column="25" severity="warning" message="Parameter name should be final." source="com.puppycrawl.tools.checkstyle.checks.FinalParametersCheck"/>
<error line="34" column="32" severity="warning" message="&apos;name&apos; hides a field." source="com.puppycrawl.tools.checkstyle.checks.coding.HiddenFieldCheck"/>
<error line="38" column="5" severity="warning" message="Method &apos;getAge&apos; is not designed for extension - needs to be abstract, final or empty." source="com.puppycrawl.tools.checkstyle.checks.design.DesignForExtensionCheck"/>
<error line="42" column="5" severity="warning" message="Method &apos;setAge&apos; is not designed for extension - needs to be abstract, final or empty." source="com.puppycrawl.tools.checkstyle.checks.design.DesignForExtensionCheck"/>
<error line="42" column="24" severity="warning" message="Parameter age should be final." source="com.puppycrawl.tools.checkstyle.checks.FinalParametersCheck"/>
<error line="42" column="28" severity="warning" message="&apos;age&apos; hides a field." source="com.puppycrawl.tools.checkstyle.checks.coding.HiddenFieldCheck"/>
<error line="46" column="5" severity="warning" message="Method &apos;equals&apos; is not designed for extension - needs to be abstract, final or empty." source="com.puppycrawl.tools.checkstyle.checks.design.DesignForExtensionCheck"/>
<error line="47" column="27" severity="warning" message="Parameter o should be final." source="com.puppycrawl.tools.checkstyle.checks.FinalParametersCheck"/>
<error line="48" severity="warning" message="&apos;if&apos; construct must use &apos;{}&apos;s." source="com.puppycrawl.tools.checkstyle.checks.blocks.NeedBracesCheck"/>
<error line="49" severity="warning" message="&apos;if&apos; construct must use &apos;{}&apos;s." source="com.puppycrawl.tools.checkstyle.checks.blocks.NeedBracesCheck"/>
<error line="55" column="5" severity="warning" message="Method &apos;hashCode&apos; is not designed for extension - needs to be abstract, final or empty." source="com.puppycrawl.tools.checkstyle.checks.design.DesignForExtensionCheck"/>
</file>
<file name="D:\An4\SEM1\DS\DS2022_30441_Mihut_Alina_Assignment_3\spring-demo\src\main\java\ro\tuc\ds2022\dtos\UserDetailsDTO.java">
</file>
<file name="D:\An4\SEM1\DS\DS2022_30441_Mihut_Alina_Assignment_3\spring-demo\src\main\java\ro\tuc\ds2022\dtos\UserDTO.java">
</file>
<file name="D:\An4\SEM1\DS\DS2022_30441_Mihut_Alina_Assignment_3\spring-demo\src\main\java\ro\tuc\ds2022\dtos\validators\AgeValidator.java">
<error line="14" column="5" severity="warning" message="Method &apos;initialize&apos; is not designed for extension - needs to be abstract, final or empty." source="com.puppycrawl.tools.checkstyle.checks.design.DesignForExtensionCheck"/>
<error line="15" column="28" severity="warning" message="Parameter constraintAnnotation should be final." source="com.puppycrawl.tools.checkstyle.checks.FinalParametersCheck"/>
<error line="19" column="5" severity="warning" message="Method &apos;isValid&apos; is not designed for extension - needs to be abstract, final or empty." source="com.puppycrawl.tools.checkstyle.checks.design.DesignForExtensionCheck"/>
<error line="20" column="28" severity="warning" message="Parameter inputAge should be final." source="com.puppycrawl.tools.checkstyle.checks.FinalParametersCheck"/>
<error line="20" column="46" severity="warning" message="Parameter constraintValidatorContext should be final." source="com.puppycrawl.tools.checkstyle.checks.FinalParametersCheck"/>
</file>
<file name="D:\An4\SEM1\DS\DS2022_30441_Mihut_Alina_Assignment_3\spring-demo\src\main\java\ro\tuc\ds2022\dtos\validators\annotation\AgeLimit.java">
<error line="15" column="25" severity="warning" message="&apos;120&apos; is a magic number." source="com.puppycrawl.tools.checkstyle.checks.coding.MagicNumberCheck"/>
</file>
<file name="D:\An4\SEM1\DS\DS2022_30441_Mihut_Alina_Assignment_3\spring-demo\src\main\java\ro\tuc\ds2022\entities\Device.java">
<error line="39" column="19" severity="warning" message="Parameter name should be final." source="com.puppycrawl.tools.checkstyle.checks.FinalParametersCheck"/>
<error line="39" column="26" severity="warning" message="&apos;name&apos; hides a field." source="com.puppycrawl.tools.checkstyle.checks.coding.HiddenFieldCheck"/>
<error line="39" column="32" severity="warning" message="Parameter description should be final." source="com.puppycrawl.tools.checkstyle.checks.FinalParametersCheck"/>
<error line="39" column="39" severity="warning" message="&apos;description&apos; hides a field." source="com.puppycrawl.tools.checkstyle.checks.coding.HiddenFieldCheck"/>
<error line="39" column="52" severity="warning" message="Parameter address should be final." source="com.puppycrawl.tools.checkstyle.checks.FinalParametersCheck"/>
<error line="39" column="59" severity="warning" message="&apos;address&apos; hides a field." source="com.puppycrawl.tools.checkstyle.checks.coding.HiddenFieldCheck"/>
<error line="39" column="68" severity="warning" message="Parameter maxHourlyEnergyConsumption should be final." source="com.puppycrawl.tools.checkstyle.checks.FinalParametersCheck"/>
<error line="39" column="76" severity="warning" message="&apos;maxHourlyEnergyConsumption&apos; hides a field." source="com.puppycrawl.tools.checkstyle.checks.coding.HiddenFieldCheck"/>
</file>
<file name="D:\An4\SEM1\DS\DS2022_30441_Mihut_Alina_Assignment_3\spring-demo\src\main\java\ro\tuc\ds2022\entities\EnergyConsumptionStamp.java">
<error line="4" column="8" severity="warning" message="Unused import - com.fasterxml.jackson.annotation.JsonManagedReference." source="com.puppycrawl.tools.checkstyle.checks.imports.UnusedImportsCheck"/>
<error line="34" column="35" severity="warning" message="Parameter timestamp should be final." source="com.puppycrawl.tools.checkstyle.checks.FinalParametersCheck"/>
<error line="34" column="45" severity="warning" message="&apos;timestamp&apos; hides a field." source="com.puppycrawl.tools.checkstyle.checks.coding.HiddenFieldCheck"/>
<error line="34" column="56" severity="warning" message="Parameter energyConsumption should be final." source="com.puppycrawl.tools.checkstyle.checks.FinalParametersCheck"/>
<error line="34" column="63" severity="warning" message="&apos;energyConsumption&apos; hides a field." source="com.puppycrawl.tools.checkstyle.checks.coding.HiddenFieldCheck"/>
<error line="34" column="82" severity="warning" message="Parameter device should be final." source="com.puppycrawl.tools.checkstyle.checks.FinalParametersCheck"/>
<error line="34" column="89" severity="warning" message="&apos;device&apos; hides a field." source="com.puppycrawl.tools.checkstyle.checks.coding.HiddenFieldCheck"/>
</file>
<file name="D:\An4\SEM1\DS\DS2022_30441_Mihut_Alina_Assignment_3\spring-demo\src\main\java\ro\tuc\ds2022\entities\Measurement.java">
<error line="28" column="5" severity="warning" message="Method &apos;toString&apos; is not designed for extension - needs to be abstract, final or empty." source="com.puppycrawl.tools.checkstyle.checks.design.DesignForExtensionCheck"/>
</file>
<file name="D:\An4\SEM1\DS\DS2022_30441_Mihut_Alina_Assignment_3\spring-demo\src\main\java\ro\tuc\ds2022\entities\User.java">
<error line="41" column="17" severity="warning" message="Parameter firstName should be final." source="com.puppycrawl.tools.checkstyle.checks.FinalParametersCheck"/>
<error line="41" column="24" severity="warning" message="&apos;firstName&apos; hides a field." source="com.puppycrawl.tools.checkstyle.checks.coding.HiddenFieldCheck"/>
<error line="41" column="35" severity="warning" message="Parameter lastName should be final." source="com.puppycrawl.tools.checkstyle.checks.FinalParametersCheck"/>
<error line="41" column="42" severity="warning" message="&apos;lastName&apos; hides a field." source="com.puppycrawl.tools.checkstyle.checks.coding.HiddenFieldCheck"/>
<error line="41" column="52" severity="warning" message="Parameter username should be final." source="com.puppycrawl.tools.checkstyle.checks.FinalParametersCheck"/>
<error line="41" column="59" severity="warning" message="&apos;username&apos; hides a field." source="com.puppycrawl.tools.checkstyle.checks.coding.HiddenFieldCheck"/>
<error line="41" column="69" severity="warning" message="Parameter password should be final." source="com.puppycrawl.tools.checkstyle.checks.FinalParametersCheck"/>
<error line="41" column="76" severity="warning" message="&apos;password&apos; hides a field." source="com.puppycrawl.tools.checkstyle.checks.coding.HiddenFieldCheck"/>
<error line="41" column="86" severity="warning" message="Parameter role should be final." source="com.puppycrawl.tools.checkstyle.checks.FinalParametersCheck"/>
<error line="41" column="95" severity="warning" message="&apos;role&apos; hides a field." source="com.puppycrawl.tools.checkstyle.checks.coding.HiddenFieldCheck"/>
</file>
<file name="D:\An4\SEM1\DS\DS2022_30441_Mihut_Alina_Assignment_3\spring-demo\src\main\java\ro\tuc\ds2022\entities\UserRole.java">
</file>
<file name="D:\An4\SEM1\DS\DS2022_30441_Mihut_Alina_Assignment_3\spring-demo\src\main\java\ro\tuc\ds2022\repositories\DeviceRepository.java">
<error line="15" column="18" severity="warning" message="Name &apos;findByUser_IdUser&apos; must match pattern &apos;^[a-z][a-zA-Z0-9]*$&apos;." source="com.puppycrawl.tools.checkstyle.checks.naming.MethodNameCheck"/>
</file>
<file name="D:\An4\SEM1\DS\DS2022_30441_Mihut_Alina_Assignment_3\spring-demo\src\main\java\ro\tuc\ds2022\repositories\EnergyConsumptionRepository.java">
<error line="8" column="8" severity="warning" message="Unused import - java.util.Optional." source="com.puppycrawl.tools.checkstyle.checks.imports.UnusedImportsCheck"/>
<error line="12" column="34" severity="warning" message="Name &apos;findAllByDevice_IdDevice&apos; must match pattern &apos;^[a-z][a-zA-Z0-9]*$&apos;." source="com.puppycrawl.tools.checkstyle.checks.naming.MethodNameCheck"/>
<error line="13" column="34" severity="warning" message="Name &apos;findAllByDevice_Name&apos; must match pattern &apos;^[a-z][a-zA-Z0-9]*$&apos;." source="com.puppycrawl.tools.checkstyle.checks.naming.MethodNameCheck"/>
</file>
<file name="D:\An4\SEM1\DS\DS2022_30441_Mihut_Alina_Assignment_3\spring-demo\src\main\java\ro\tuc\ds2022\repositories\UserRepository.java">
</file>
<file name="D:\An4\SEM1\DS\DS2022_30441_Mihut_Alina_Assignment_3\spring-demo\src\main\java\ro\tuc\ds2022\services\DeviceService.java">
<error line="15" column="8" severity="warning" message="Unused import - java.util.logging.Logger." source="com.puppycrawl.tools.checkstyle.checks.imports.UnusedImportsCheck"/>
<error line="23" column="26" severity="warning" message="Parameter deviceRepository should be final." source="com.puppycrawl.tools.checkstyle.checks.FinalParametersCheck"/>
<error line="23" column="43" severity="warning" message="&apos;deviceRepository&apos; hides a field." source="com.puppycrawl.tools.checkstyle.checks.coding.HiddenFieldCheck"/>
<error line="23" column="61" severity="warning" message="Parameter userRepository should be final." source="com.puppycrawl.tools.checkstyle.checks.FinalParametersCheck"/>
<error line="23" column="76" severity="warning" message="&apos;userRepository&apos; hides a field." source="com.puppycrawl.tools.checkstyle.checks.coding.HiddenFieldCheck"/>
<error line="28" column="5" severity="warning" message="Method &apos;insertDevice&apos; is not designed for extension - needs to be abstract, final or empty." source="com.puppycrawl.tools.checkstyle.checks.design.DesignForExtensionCheck"/>
<error line="28" column="33" severity="warning" message="Parameter dto should be final." source="com.puppycrawl.tools.checkstyle.checks.FinalParametersCheck"/>
<error line="35" column="5" severity="warning" message="Method &apos;updateDevice&apos; is not designed for extension - needs to be abstract, final or empty." source="com.puppycrawl.tools.checkstyle.checks.design.DesignForExtensionCheck"/>
<error line="35" column="33" severity="warning" message="Parameter dto should be final." source="com.puppycrawl.tools.checkstyle.checks.FinalParametersCheck"/>
<error line="35" column="48" severity="warning" message="Parameter idDevice should be final." source="com.puppycrawl.tools.checkstyle.checks.FinalParametersCheck"/>
<error line="45" column="5" severity="warning" message="Method &apos;getListOfDeviceNames&apos; is not designed for extension - needs to be abstract, final or empty." source="com.puppycrawl.tools.checkstyle.checks.design.DesignForExtensionCheck"/>
<error line="49" column="5" severity="warning" message="Method &apos;findByName&apos; is not designed for extension - needs to be abstract, final or empty." source="com.puppycrawl.tools.checkstyle.checks.design.DesignForExtensionCheck"/>
<error line="49" column="40" severity="warning" message="Parameter name should be final." source="com.puppycrawl.tools.checkstyle.checks.FinalParametersCheck"/>
<error line="53" column="5" severity="warning" message="Method &apos;findAllForUser&apos; is not designed for extension - needs to be abstract, final or empty." source="com.puppycrawl.tools.checkstyle.checks.design.DesignForExtensionCheck"/>
<error line="53" column="40" severity="warning" message="Parameter username should be final." source="com.puppycrawl.tools.checkstyle.checks.FinalParametersCheck"/>
<error line="58" column="5" severity="warning" message="Method &apos;findById&apos; is not designed for extension - needs to be abstract, final or empty." source="com.puppycrawl.tools.checkstyle.checks.design.DesignForExtensionCheck"/>
<error line="58" column="38" severity="warning" message="Parameter id should be final." source="com.puppycrawl.tools.checkstyle.checks.FinalParametersCheck"/>
<error line="62" column="5" severity="warning" message="Method &apos;deleteDevice&apos; is not designed for extension - needs to be abstract, final or empty." source="com.puppycrawl.tools.checkstyle.checks.design.DesignForExtensionCheck"/>
<error line="63" column="30" severity="warning" message="Parameter name should be final." source="com.puppycrawl.tools.checkstyle.checks.FinalParametersCheck"/>
<error line="73" column="5" severity="warning" message="Method &apos;createMapping&apos; is not designed for extension - needs to be abstract, final or empty." source="com.puppycrawl.tools.checkstyle.checks.design.DesignForExtensionCheck"/>
<error line="73" column="35" severity="warning" message="Parameter mapping should be final." source="com.puppycrawl.tools.checkstyle.checks.FinalParametersCheck"/>
</file>
<file name="D:\An4\SEM1\DS\DS2022_30441_Mihut_Alina_Assignment_3\spring-demo\src\main\java\ro\tuc\ds2022\services\EnergyConsumptionService.java">
<error line="3" column="8" severity="warning" message="Unused import - com.fasterxml.jackson.databind.ObjectMapper." source="com.puppycrawl.tools.checkstyle.checks.imports.UnusedImportsCheck"/>
<error line="6" column="8" severity="warning" message="Unused import - org.springframework.messaging.handler.annotation.Payload." source="com.puppycrawl.tools.checkstyle.checks.imports.UnusedImportsCheck"/>
<error line="12" column="8" severity="warning" message="Unused import - ro.tuc.ds2022.repositories.DeviceRepository." source="com.puppycrawl.tools.checkstyle.checks.imports.UnusedImportsCheck"/>
<error line="27" column="12" severity="warning" message="Variable &apos;logger&apos; must be private and have accessor methods." source="com.puppycrawl.tools.checkstyle.checks.design.VisibilityModifierCheck"/>
<error line="29" column="37" severity="warning" message="Parameter energyConsumptionRepository should be final." source="com.puppycrawl.tools.checkstyle.checks.FinalParametersCheck"/>
<error line="29" column="65" severity="warning" message="&apos;energyConsumptionRepository&apos; hides a field." source="com.puppycrawl.tools.checkstyle.checks.coding.HiddenFieldCheck"/>
<error line="29" column="94" severity="warning" message="Parameter deviceService should be final." source="com.puppycrawl.tools.checkstyle.checks.FinalParametersCheck"/>
<error line="29" column="108" severity="warning" message="&apos;deviceService&apos; hides a field." source="com.puppycrawl.tools.checkstyle.checks.coding.HiddenFieldCheck"/>
<error line="34" column="5" severity="warning" message="Method &apos;insertMeasurement&apos; is not designed for extension - needs to be abstract, final or empty." source="com.puppycrawl.tools.checkstyle.checks.design.DesignForExtensionCheck"/>
<error line="34" column="35" severity="warning" message="Parameter measurement should be final." source="com.puppycrawl.tools.checkstyle.checks.FinalParametersCheck"/>
<error line="49" column="5" severity="warning" message="Method &apos;findAllForDevice&apos; is not designed for extension - needs to be abstract, final or empty." source="com.puppycrawl.tools.checkstyle.checks.design.DesignForExtensionCheck"/>
<error line="49" column="59" severity="warning" message="Parameter name should be final." source="com.puppycrawl.tools.checkstyle.checks.FinalParametersCheck"/>
<error line="53" column="5" severity="warning" message="Method &apos;checkIfMeasurementExceedsMaxValue&apos; is not designed for extension - needs to be abstract, final or empty." source="com.puppycrawl.tools.checkstyle.checks.design.DesignForExtensionCheck"/>
<error line="53" column="51" severity="warning" message="Parameter measurement should be final." source="com.puppycrawl.tools.checkstyle.checks.FinalParametersCheck"/>
<error line="70" column="5" severity="warning" message="Method &apos;broadcastNews&apos; is not designed for extension - needs to be abstract, final or empty." source="com.puppycrawl.tools.checkstyle.checks.design.DesignForExtensionCheck"/>
<error line="71" column="31" severity="warning" message="Parameter device should be final." source="com.puppycrawl.tools.checkstyle.checks.FinalParametersCheck"/>
<error line="71" column="46" severity="warning" message="Parameter totalConsumptionSoFar should be final." source="com.puppycrawl.tools.checkstyle.checks.FinalParametersCheck"/>
<error line="71" column="76" severity="warning" message="Parameter time should be final." source="com.puppycrawl.tools.checkstyle.checks.FinalParametersCheck"/>
<error line="87" column="5" severity="warning" message="Method &apos;findAllForDeviceAtSpecifiedHour&apos; is not designed for extension - needs to be abstract, final or empty." source="com.puppycrawl.tools.checkstyle.checks.design.DesignForExtensionCheck"/>
<error line="87" column="74" severity="warning" message="Parameter deviceId should be final." source="com.puppycrawl.tools.checkstyle.checks.FinalParametersCheck"/>
<error line="87" column="92" severity="warning" message="Parameter time should be final." source="com.puppycrawl.tools.checkstyle.checks.FinalParametersCheck"/>
<error line="98" column="83" severity="warning" message="Parameter deviceId should be final." source="com.puppycrawl.tools.checkstyle.checks.FinalParametersCheck"/>
<error line="98" column="101" severity="warning" message="Parameter time should be final." source="com.puppycrawl.tools.checkstyle.checks.FinalParametersCheck"/>
</file>
<file name="D:\An4\SEM1\DS\DS2022_30441_Mihut_Alina_Assignment_3\spring-demo\src\main\java\ro\tuc\ds2022\services\messagelistener\CustomMessageListener.java">
<error line="27" column="33" severity="warning" message="Name &apos;log&apos; must match pattern &apos;^[A-Z][A-Z0-9]*(_[A-Z0-9]+)*$&apos;." source="com.puppycrawl.tools.checkstyle.checks.naming.ConstantNameCheck"/>
<error line="31" column="23" severity="warning" message="Variable &apos;hourlyMeasurementsList&apos; must be private and have accessor methods." source="com.puppycrawl.tools.checkstyle.checks.design.VisibilityModifierCheck"/>
<error line="32" column="34" severity="warning" message="Parameter energyConsumptionService should be final." source="com.puppycrawl.tools.checkstyle.checks.FinalParametersCheck"/>
<error line="32" column="59" severity="warning" message="&apos;energyConsumptionService&apos; hides a field." source="com.puppycrawl.tools.checkstyle.checks.coding.HiddenFieldCheck"/>
<error line="37" column="5" severity="warning" message="Method &apos;receiveMessage&apos; is not designed for extension - needs to be abstract, final or empty." source="com.puppycrawl.tools.checkstyle.checks.design.DesignForExtensionCheck"/>
</file>
<file name="D:\An4\SEM1\DS\DS2022_30441_Mihut_Alina_Assignment_3\spring-demo\src\main\java\ro\tuc\ds2022\services\UserService.java">
<error line="18" column="12" severity="warning" message="Variable &apos;logger&apos; must be private and have accessor methods." source="com.puppycrawl.tools.checkstyle.checks.design.VisibilityModifierCheck"/>
<error line="20" column="24" severity="warning" message="Parameter userRepository should be final." source="com.puppycrawl.tools.checkstyle.checks.FinalParametersCheck"/>
<error line="20" column="39" severity="warning" message="&apos;userRepository&apos; hides a field." source="com.puppycrawl.tools.checkstyle.checks.coding.HiddenFieldCheck"/>
<error line="24" column="5" severity="warning" message="Method &apos;insertUser&apos; is not designed for extension - needs to be abstract, final or empty." source="com.puppycrawl.tools.checkstyle.checks.design.DesignForExtensionCheck"/>
<error line="24" column="31" severity="warning" message="Parameter dto should be final." source="com.puppycrawl.tools.checkstyle.checks.FinalParametersCheck"/>
<error line="39" column="5" severity="warning" message="Method &apos;updateUser&apos; is not designed for extension - needs to be abstract, final or empty." source="com.puppycrawl.tools.checkstyle.checks.design.DesignForExtensionCheck"/>
<error line="39" column="31" severity="warning" message="Parameter dto should be final." source="com.puppycrawl.tools.checkstyle.checks.FinalParametersCheck"/>
<error line="39" column="44" severity="warning" message="Parameter idUser should be final." source="com.puppycrawl.tools.checkstyle.checks.FinalParametersCheck"/>
<error line="62" column="5" severity="warning" message="Method &apos;getListOfUsers&apos; is not designed for extension - needs to be abstract, final or empty." source="com.puppycrawl.tools.checkstyle.checks.design.DesignForExtensionCheck"/>
<error line="67" column="5" severity="warning" message="Method &apos;findByUsername&apos; is not designed for extension - needs to be abstract, final or empty." source="com.puppycrawl.tools.checkstyle.checks.design.DesignForExtensionCheck"/>
<error line="67" column="42" severity="warning" message="Parameter username should be final." source="com.puppycrawl.tools.checkstyle.checks.FinalParametersCheck"/>
<error line="72" column="5" severity="warning" message="Method &apos;loginUser&apos; is not designed for extension - needs to be abstract, final or empty." source="com.puppycrawl.tools.checkstyle.checks.design.DesignForExtensionCheck"/>
<error line="72" column="30" severity="warning" message="Parameter username should be final." source="com.puppycrawl.tools.checkstyle.checks.FinalParametersCheck"/>
<error line="72" column="47" severity="warning" message="Parameter password should be final." source="com.puppycrawl.tools.checkstyle.checks.FinalParametersCheck"/>
<error line="88" column="5" severity="warning" message="Method &apos;getRoleForUser&apos; is not designed for extension - needs to be abstract, final or empty." source="com.puppycrawl.tools.checkstyle.checks.design.DesignForExtensionCheck"/>
<error line="88" column="34" severity="warning" message="Parameter username should be final." source="com.puppycrawl.tools.checkstyle.checks.FinalParametersCheck"/>
<error line="97" severity="warning" message="&apos;else&apos; construct must use &apos;{}&apos;s." source="com.puppycrawl.tools.checkstyle.checks.blocks.NeedBracesCheck"/>
<error line="99" column="5" severity="warning" message="Method &apos;checkIfUsernameExists&apos; is not designed for extension - needs to be abstract, final or empty." source="com.puppycrawl.tools.checkstyle.checks.design.DesignForExtensionCheck"/>
<error line="99" column="43" severity="warning" message="Parameter username should be final." source="com.puppycrawl.tools.checkstyle.checks.FinalParametersCheck"/>
<error line="111" column="5" severity="warning" message="Method &apos;findById&apos; is not designed for extension - needs to be abstract, final or empty." source="com.puppycrawl.tools.checkstyle.checks.design.DesignForExtensionCheck"/>
<error line="111" column="36" severity="warning" message="Parameter id should be final." source="com.puppycrawl.tools.checkstyle.checks.FinalParametersCheck"/>
<error line="116" column="5" severity="warning" message="Method &apos;deleteUser&apos; is not designed for extension - needs to be abstract, final or empty." source="com.puppycrawl.tools.checkstyle.checks.design.DesignForExtensionCheck"/>
<error line="117" column="28" severity="warning" message="Parameter name should be final." source="com.puppycrawl.tools.checkstyle.checks.FinalParametersCheck"/>
</file>
<file name="D:\An4\SEM1\DS\DS2022_30441_Mihut_Alina_Assignment_3\spring-demo\src\main\java\ro\tuc\ds2022\services\websocket\WebSocketConfig.java">
<error line="13" column="5" severity="warning" message="Method &apos;registerStompEndpoints&apos; is not designed for extension - needs to be abstract, final or empty." source="com.puppycrawl.tools.checkstyle.checks.design.DesignForExtensionCheck"/>
<error line="14" column="40" severity="warning" message="Parameter registry should be final." source="com.puppycrawl.tools.checkstyle.checks.FinalParametersCheck"/>
<error line="20" column="5" severity="warning" message="Method &apos;configureMessageBroker&apos; is not designed for extension - needs to be abstract, final or empty." source="com.puppycrawl.tools.checkstyle.checks.design.DesignForExtensionCheck"/>
<error line="21" column="40" severity="warning" message="Parameter config should be final." source="com.puppycrawl.tools.checkstyle.checks.FinalParametersCheck"/>
</file>
<file name="D:\An4\SEM1\DS\DS2022_30441_Mihut_Alina_Assignment_3\spring-demo\src\main\resources\application.properties">
</file>
<file name="D:\An4\SEM1\DS\DS2022_30441_Mihut_Alina_Assignment_3\spring-demo\src\test\resources\application-test.properties">
</file>
</checkstyle>
